<?xml version="1.0" encoding="UTF-8"?>
<testsuite name="TestCommission" tests="2" skipped="0" failures="0" errors="0" timestamp="2023-11-16T21:23:37" hostname="GARRETT" time="0.235">
  <properties/>
  <testcase name="testGetCommissionSkipWhileLoop" classname="TestCommission" time="0.217">
    <system-err><![CDATA[Nov 16, 2023 4:23:37 PM CalculateCommission getCommission
INFO: Total sales: 0.0
Nov 16, 2023 4:23:37 PM CalculateCommission getCommission
INFO: Commission is: $0.0
]]></system-err>
  </testcase>
  <testcase name="testGetCommissionEnterWhileLoop" classname="TestCommission" time="0.017">
    <system-err><![CDATA[Nov 16, 2023 4:23:37 PM CalculateCommission getCommission
INFO: Total sales: 2500.0
Nov 16, 2023 4:23:37 PM CalculateCommission getCommission
INFO: Commission is: $520.0
]]></system-err>
  </testcase>
  <system-out><![CDATA[]]></system-out>
  <system-err><![CDATA[]]></system-err>
</testsuite>
